Server is running on port 8080
Server is running on port 8080
02/28/2023 10:27:00 AM - GET /winter/nature.jpg - 415
File May be damaged response sent.
Server is running on port 8080
02/28/2023 10:28:28 AM - GET /winter/nature.jpg - 415
File May be damaged response sent.
Server is running on port 8080
Server is running on port 8080
02/28/2023 10:30:08 AM - GET /winter/nature.jpg - 200
Successfully sent response.
Server is running on port 8080
02/28/2023 10:30:35 AM - GET /winter/nat.abc - 404
File Not Found Response Sent.
Server is running on port 8080
02/28/2023 10:31:17 AM - GET /winter/nat - 404
File Not Found Response Sent.
Server is running on port 8080
02/28/2023 10:31:58 AM - GET /HTTP_RFC.pdf - 200
Successfully sent response.
02/28/2023 10:31:58 AM - GET /favicon.ico - 404
File Not Found Response Sent.
Server is running on port 8080
Server is running on port 8080
02/28/2023 10:34:56 AM - GET /myNewFile.txt - 415
File May be damaged response sent.
Server is running on port 8080
02/28/2023 10:38:20 AM - GET /myNewFile.txt - 500
File Type is unknown.
Server is running on port 8080
02/28/2023 10:38:39 AM - GET /winter/nature.jpg - 200
Successfully sent response.
Server is running on port 8080
02/28/2023 10:38:58 AM - GET /index.html - 500
File Type is unknown.
Server is running on port 8080
02/28/2023 10:41:56 AM - GET /winter/nature.pdf - 500
File Type is unknown.
Server is running on port 8080
02/28/2023 10:45:35 AM - GET /winter/nature.pdf - 415
File May be damaged response sent.
Server is running on port 8080
02/28/2023 10:46:05 AM - GET /myNewFile.txt - 500
File Type is unknown.
Server is running on port 8080
02/28/2023 10:46:23 AM - POST /abc - 400
 Method Not Accepted response sent.
02/28/2023 10:46:31 AM - GET /abc - 404
File Not Found Response Sent.
Server is running on port 8080
02/28/2023 10:47:11 AM - GET /profile.jpg - 200
Successfully sent response.
